<?xml version="1.0" encoding="UTF-8"?>
<!-- Generated by org.testng.reporters.JUnitReportReporter -->
<testsuite hostname="LTIN538497" failures="0" tests="20" name="base.DeletingSkillSet" time="327.168" errors="0" timestamp="2025-07-04T09:05:32 IST" skipped="0">
  <testcase classname="base.DeletingSkillSet" name="loginToWebsite" time="2.501"/>
  <testcase classname="base.DeletingSkillSet" name="loginToWebsite" time="2.016"/>
  <testcase classname="base.DeletingSkillSet" name="jobCategoriesOperation" time="16.816"/>
  <testcase classname="base.DeletingSkillSet" name="jobCategoriesOperation" time="17.134"/>
  <testcase classname="base.DeletingSkillSet" name="jobCategoriesOperation" time="16.772"/>
  <testcase classname="base.DeletingSkillSet" name="jobCategoriesOperation" time="17.452"/>
  <testcase classname="base.DeletingSkillSet" name="jobCategoriesOperation" time="17.422"/>
  <testcase classname="base.DeletingSkillSet" name="jobCategoriesOperation" time="16.607"/>
  <testcase classname="base.DeletingSkillSet" name="organizationLocationOperation" time="19.309"/>
  <testcase classname="base.DeletingSkillSet" name="organizationLocationOperation" time="19.320"/>
  <testcase classname="base.DeletingSkillSet" name="organizationLocationOperation" time="20.930"/>
  <testcase classname="base.DeletingSkillSet" name="organizationLocationOperation" time="18.847"/>
  <testcase classname="base.DeletingSkillSet" name="organizationLocationOperation" time="20.118"/>
  <testcase classname="base.DeletingSkillSet" name="organizationLocationOperation" time="18.910"/>
  <testcase classname="base.DeletingSkillSet" name="qualificationSkillsOperation" time="16.764"/>
  <testcase classname="base.DeletingSkillSet" name="qualificationSkillsOperation" time="17.335"/>
  <testcase classname="base.DeletingSkillSet" name="qualificationSkillsOperation" time="17.259"/>
  <testcase classname="base.DeletingSkillSet" name="qualificationSkillsOperation" time="17.056"/>
  <testcase classname="base.DeletingSkillSet" name="qualificationSkillsOperation" time="16.817"/>
  <testcase classname="base.DeletingSkillSet" name="qualificationSkillsOperation" time="17.783"/>
</testsuite> <!-- base.DeletingSkillSet -->
